<?xml version="1.0" encoding="UTF-8"?>
<testng-results ignored="0" total="1" passed="1" failed="0" skipped="0">
  <reporter-output>
  </reporter-output>
  <suite started-at="2022-09-28T16:35:49 IST" name="Default suite" finished-at="2022-09-28T16:35:52 IST" duration-ms="2841">
    <groups>
    </groups>
    <test started-at="2022-09-28T16:35:49 IST" name="Default test" finished-at="2022-09-28T16:35:52 IST" duration-ms="2841">
      <class name="Authentication.Oauth2_0Authentication">
        <test-method signature="oauthAuthentication()[pri:0, instance:Authentication.Oauth2_0Authentication@1649b0e6]" started-at="2022-09-28T16:35:49 IST" name="oauthAuthentication" finished-at="2022-09-28T16:35:52 IST" duration-ms="2802" status="PASS">
          <reporter-output>
          </reporter-output>
        </test-method> <!-- oauthAuthentication -->
      </class> <!-- Authentication.Oauth2_0Authentication -->
    </test> <!-- Default test -->
  </suite> <!-- Default suite -->
</testng-results>
